<?xml version="1.0" encoding="UTF-8"?>
<!-- Generated by org.testng.reporters.JUnitXMLReporter -->
<testsuite hostname="ELSPHIL-7007894" name="chromeTest" tests="1" failures="0" timestamp="16 Jan 2018 21:32:38 GMT" time="0.698" errors="0">
  <testcase name="@BeforeMethod invoke_browser" time="0.0" classname="info.cukes.cucumber_jvm.Login">
    <failure type="java.lang.NoSuchMethodError" message="org.openqa.selenium.chrome.ChromeDriverService$Builder.usingChromeDriverExecutable(Ljava/io/File;)Lorg/openqa/selenium/chrome/ChromeDriverService$Builder;">
      <![CDATA[java.lang.NoSuchMethodError: org.openqa.selenium.chrome.ChromeDriverService$Builder.usingChromeDriverExecutable(Ljava/io/File;)Lorg/openqa/selenium/chrome/ChromeDriverService$Builder;
	at info.cukes.cucumber_jvm.Login.invoke_browser(Login.java:53)
	at java.util.concurrent.FutureTask.run(Unknown Source)
	at java.util.concurrent.ThreadPoolExecutor.runWorker(Unknown Source)
	at java.util.concurrent.ThreadPoolExecutor$Worker.run(Unknown Source)
	at java.lang.Thread.run(Unknown Source)
... Removed 18 stack frames]]>
    </failure>
  </testcase> <!-- @BeforeMethod invoke_browser -->
  <testcase name="@AfterMethod Closebrowser" time="0.0" classname="info.cukes.cucumber_jvm.Login">
    <skipped/>
  </testcase> <!-- @AfterMethod Closebrowser -->
  <testcase name="userinputs" time="0.003" classname="info.cukes.cucumber_jvm.Login">
    <skipped/>
  </testcase> <!-- userinputs -->
</testsuite> <!-- chromeTest -->
