<?xml version="1.0" encoding="UTF-8"?>
<testng-results skipped="1" failed="0" total="1" passed="0">
  <reporter-output>
  </reporter-output>
  <suite name="Suite" duration-ms="698" started-at="2018-01-16T21:32:38Z" finished-at="2018-01-16T21:32:38Z">
    <groups>
    </groups>
    <test name="chromeTest" duration-ms="698" started-at="2018-01-16T21:32:38Z" finished-at="2018-01-16T21:32:38Z">
      <class name="info.cukes.cucumber_jvm.Login">
        <test-method status="FAIL" signature="invoke_browser(java.lang.String)[pri:0, instance:info.cukes.cucumber_jvm.Login@25bbe1b6]" name="invoke_browser" is-config="true" duration-ms="0" started-at="2018-01-16T16:32:38Z" finished-at="2018-01-16T16:32:38Z">
          <params>
            <param index="0">
              <value>
                <![CDATA[chrome]]>
              </value>
            </param>
          </params>
          <exception class="java.lang.NoSuchMethodError">
            <message>
              <![CDATA[org.openqa.selenium.chrome.ChromeDriverService$Builder.usingChromeDriverExecutable(Ljava/io/File;)Lorg/openqa/selenium/chrome/ChromeDriverService$Builder;]]>
            </message>
            <full-stacktrace>
              <![CDATA[java.lang.NoSuchMethodError: org.openqa.selenium.chrome.ChromeDriverService$Builder.usingChromeDriverExecutable(Ljava/io/File;)Lorg/openqa/selenium/chrome/ChromeDriverService$Builder;
	at info.cukes.cucumber_jvm.Login.invoke_browser(Login.java:53)
	at sun.reflect.NativeMethodAccessorImpl.invoke0(Native Method)
	at sun.reflect.NativeMethodAccessorImpl.invoke(Unknown Source)
	at sun.reflect.DelegatingMethodAccessorImpl.invoke(Unknown Source)
	at java.lang.reflect.Method.invoke(Unknown Source)
	at org.testng.internal.MethodInvocationHelper.invokeMethod(MethodInvocationHelper.java:80)
	at org.testng.internal.Invoker.invokeConfigurationMethod(Invoker.java:564)
	at org.testng.internal.Invoker.invokeConfigurations(Invoker.java:213)
	at org.testng.internal.Invoker.invokeMethod(Invoker.java:653)
	at org.testng.internal.Invoker.invokeTestMethod(Invoker.java:901)
	at org.testng.internal.Invoker.invokeTestMethods(Invoker.java:1231)
	at org.testng.internal.TestMethodWorker.invokeTestMethods(TestMethodWorker.java:127)
	at org.testng.internal.TestMethodWorker.run(TestMethodWorker.java:111)
	at org.testng.TestRunner.privateRun(TestRunner.java:767)
	at org.testng.TestRunner.run(TestRunner.java:617)
	at org.testng.SuiteRunner.runTest(SuiteRunner.java:334)
	at org.testng.SuiteRunner.access$000(SuiteRunner.java:37)
	at org.testng.SuiteRunner$SuiteWorker.run(SuiteRunner.java:368)
	at org.testng.internal.thread.ThreadUtil$2.call(ThreadUtil.java:64)
	at java.util.concurrent.FutureTask.run(Unknown Source)
	at java.util.concurrent.ThreadPoolExecutor.runWorker(Unknown Source)
	at java.util.concurrent.ThreadPoolExecutor$Worker.run(Unknown Source)
	at java.lang.Thread.run(Unknown Source)
]]>
            </full-stacktrace>
          </exception> <!-- java.lang.NoSuchMethodError -->
          <reporter-output>
          </reporter-output>
        </test-method> <!-- invoke_browser -->
        <test-method status="SKIP" signature="userinputs()[pri:0, instance:info.cukes.cucumber_jvm.Login@25bbe1b6]" name="userinputs" duration-ms="3" started-at="2018-01-16T16:32:38Z" finished-at="2018-01-16T16:32:38Z">
          <reporter-output>
          </reporter-output>
        </test-method> <!-- userinputs -->
        <test-method status="SKIP" signature="Closebrowser(org.testng.ITestResult)[pri:0, instance:info.cukes.cucumber_jvm.Login@25bbe1b6]" name="Closebrowser" is-config="true" duration-ms="0" started-at="2018-01-16T16:32:38Z" finished-at="2018-01-16T16:32:38Z">
          <reporter-output>
          </reporter-output>
        </test-method> <!-- Closebrowser -->
      </class> <!-- info.cukes.cucumber_jvm.Login -->
    </test> <!-- chromeTest -->
  </suite> <!-- Suite -->
</testng-results>
